Determining if the clock_gettime exist failed with the following output:
Change Dir: /Users/macbook/lab-06-multithreads/cmake-build-debug/CMakeFiles/CMakeTmp

Run Build Command(s):/usr/bin/make cmTC_4ae82/fast && /Applications/Xcode.app/Contents/Developer/usr/bin/make -f CMakeFiles/cmTC_4ae82.dir/build.make CMakeFiles/cmTC_4ae82.dir/build
Building CXX object CMakeFiles/cmTC_4ae82.dir/CheckSymbolExists.cxx.o
/Applications/Xcode.app/Contents/Developer/Toolchains/XcodeDefault.xctoolchain/usr/bin/c++    -pedantic -Werror -Wall -Wextra -Wno-unused-command-line-argument -Wshadow -Wnon-virtual-dtor  -isysroot /Applications/Xcode.app/Contents/Developer/Platforms/MacOSX.platform/Developer/SDKs/MacOSX10.14.sdk   -o CMakeFiles/cmTC_4ae82.dir/CheckSymbolExists.cxx.o -c /Users/macbook/lab-06-multithreads/cmake-build-debug/CMakeFiles/CMakeTmp/CheckSymbolExists.cxx
/Users/macbook/lab-06-multithreads/cmake-build-debug/CMakeFiles/CMakeTmp/CheckSymbolExists.cxx:8:11: error: cast between pointer-to-function and pointer-to-object is an extension [-Werror,-Wpedantic]
  return ((int*)(&clock_gettime))[argc];
          ^~~~~~~~~~~~~~~~~~~~~~
1 error generated.
make[1]: *** [CMakeFiles/cmTC_4ae82.dir/CheckSymbolExists.cxx.o] Error 1
make: *** [cmTC_4ae82/fast] Error 2


File /Users/macbook/lab-06-multithreads/cmake-build-debug/CMakeFiles/CMakeTmp/CheckSymbolExists.cxx:
/* */
#include <time.h>

int main(int argc, char** argv)
{
  (void)argv;
#ifndef clock_gettime
  return ((int*)(&clock_gettime))[argc];
#else
  (void)argc;
  return 0;
#endif
}

Determining if the function clock_gettime exists in the rt failed with the following output:
Change Dir: /Users/macbook/lab-06-multithreads/cmake-build-debug/CMakeFiles/CMakeTmp

Run Build Command(s):/usr/bin/make cmTC_ce3e5/fast && /Applications/Xcode.app/Contents/Developer/usr/bin/make -f CMakeFiles/cmTC_ce3e5.dir/build.make CMakeFiles/cmTC_ce3e5.dir/build
Building C object CMakeFiles/cmTC_ce3e5.dir/CheckFunctionExists.c.o
/Applications/Xcode.app/Contents/Developer/Toolchains/XcodeDefault.xctoolchain/usr/bin/cc   -DCHECK_FUNCTION_EXISTS=clock_gettime -isysroot /Applications/Xcode.app/Contents/Developer/Platforms/MacOSX.platform/Developer/SDKs/MacOSX10.14.sdk   -o CMakeFiles/cmTC_ce3e5.dir/CheckFunctionExists.c.o   -c /Applications/CLion.app/Contents/bin/cmake/mac/share/cmake-3.15/Modules/CheckFunctionExists.c
Linking C executable cmTC_ce3e5
/Applications/CLion.app/Contents/bin/cmake/mac/bin/cmake -E cmake_link_script CMakeFiles/cmTC_ce3e5.dir/link.txt --verbose=1
/Applications/Xcode.app/Contents/Developer/Toolchains/XcodeDefault.xctoolchain/usr/bin/cc  -DCHECK_FUNCTION_EXISTS=clock_gettime -isysroot /Applications/Xcode.app/Contents/Developer/Platforms/MacOSX.platform/Developer/SDKs/MacOSX10.14.sdk -Wl,-search_paths_first -Wl,-headerpad_max_install_names   CMakeFiles/cmTC_ce3e5.dir/CheckFunctionExists.c.o  -o cmTC_ce3e5 -lrt 
ld: library not found for -lrt
clang: error: linker command failed with exit code 1 (use -v to see invocation)
make[1]: *** [cmTC_ce3e5] Error 1
make: *** [cmTC_ce3e5/fast] Error 2



